<?xml version="1.0" encoding="UTF-8"?>
<!-- Generated by org.testng.reporters.JUnitXMLReporter -->
<testsuite ignored="0" hostname="DESKTOP-0U7543P" failures="0" tests="4" name="Test" time="0.218" errors="0" timestamp="2024-01-29T13:43:35 IST">
  <testcase classname="com.viTrado.transaction.demo3" name="demo3Test" time="0.024"/>
  <testcase classname="com.viTrado.transaction.demo2" name="demo2Test" time="0.004"/>
  <testcase classname="com.viTrado.transaction.DemoTest" name="demoTest" time="0.012"/>
  <testcase classname="com.viTrado.transaction.TransactionTest" name="transactionDemoTest" time="0.005"/>
</testsuite> <!-- Test -->
