<?xml version="1.0" encoding="UTF-8"?>
<testng-results ignored="0" total="4" passed="4" failed="0" skipped="0">
  <reporter-output>
  </reporter-output>
  <suite started-at="2024-01-29T13:43:34 IST" name="Suite" finished-at="2024-01-29T13:43:35 IST" duration-ms="218">
    <groups>
    </groups>
    <test started-at="2024-01-29T13:43:34 IST" name="Test" finished-at="2024-01-29T13:43:35 IST" duration-ms="218">
      <class name="com.viTrado.transaction.demo2">
        <test-method signature="demo2Test()[pri:0, instance:com.viTrado.transaction.demo2@644baf4a]" started-at="2024-01-29T13:43:35 IST" name="demo2Test" finished-at="2024-01-29T13:43:35 IST" duration-ms="4" status="PASS">
          <reporter-output>
          </reporter-output>
        </test-method> <!-- demo2Test -->
      </class> <!-- com.viTrado.transaction.demo2 -->
      <class name="com.viTrado.transaction.DemoTest">
        <test-method signature="demoTest()[pri:0, instance:com.viTrado.transaction.DemoTest@7526515b]" started-at="2024-01-29T13:43:35 IST" name="demoTest" finished-at="2024-01-29T13:43:35 IST" duration-ms="12" status="PASS">
          <reporter-output>
          </reporter-output>
        </test-method> <!-- demoTest -->
      </class> <!-- com.viTrado.transaction.DemoTest -->
      <class name="com.viTrado.transaction.demo3">
        <test-method signature="demo3Test()[pri:0, instance:com.viTrado.transaction.demo3@368247b9]" started-at="2024-01-29T13:43:35 IST" name="demo3Test" finished-at="2024-01-29T13:43:35 IST" duration-ms="24" status="PASS">
          <reporter-output>
          </reporter-output>
        </test-method> <!-- demo3Test -->
      </class> <!-- com.viTrado.transaction.demo3 -->
      <class name="com.viTrado.transaction.TransactionTest">
        <test-method signature="transactionDemoTest()[pri:0, instance:com.viTrado.transaction.TransactionTest@1ed4ae0f]" started-at="2024-01-29T13:43:35 IST" name="transactionDemoTest" finished-at="2024-01-29T13:43:35 IST" duration-ms="5" status="PASS">
          <reporter-output>
          </reporter-output>
        </test-method> <!-- transactionDemoTest -->
      </class> <!-- com.viTrado.transaction.TransactionTest -->
    </test> <!-- Test -->
  </suite> <!-- Suite -->
</testng-results>
